[2016-02-23 12:48:37] MicroCMS.INFO: Matched route "admin". {"route_parameters":{"_controller":"[object] (Closure: {})","_route":"admin"},"request_uri":"http://localhost:82/oc-microcms-iteration-03/web/index.php/admin"} []
[2016-02-23 12:48:37] MicroCMS.INFO: > GET /oc-microcms-iteration-03/web/index.php/admin [] []
[2016-02-23 12:48:38] MicroCMS.INFO: < 200 [] []
[2016-02-23 12:48:44] MicroCMS.INFO: Matched route "logout". {"route_parameters":{"_controller":null,"_route":"logout"},"request_uri":"http://localhost:82/oc-microcms-iteration-03/web/index.php/logout"} []
[2016-02-23 12:48:44] MicroCMS.INFO: < 302 http://localhost:82/oc-microcms-iteration-03/web/index.php/ [] []
[2016-02-23 12:48:44] MicroCMS.INFO: Matched route "home". {"route_parameters":{"_controller":"[object] (Closure: {})","_route":"home"},"request_uri":"http://localhost:82/oc-microcms-iteration-03/web/index.php/"} []
[2016-02-23 12:48:44] MicroCMS.INFO: Populated the TokenStorage with an anonymous Token. [] []
[2016-02-23 12:48:44] MicroCMS.INFO: > GET /oc-microcms-iteration-03/web/index.php/ [] []
[2016-02-23 12:48:45] MicroCMS.INFO: < 200 [] []
[2016-02-23 12:48:50] MicroCMS.INFO: Matched route "login". {"route_parameters":{"_controller":"[object] (Closure: {})","_route":"login"},"request_uri":"http://localhost:82/oc-microcms-iteration-03/web/index.php/login"} []
[2016-02-23 12:48:50] MicroCMS.INFO: Populated the TokenStorage with an anonymous Token. [] []
[2016-02-23 12:48:50] MicroCMS.INFO: > GET /oc-microcms-iteration-03/web/index.php/login [] []
[2016-02-23 12:48:50] MicroCMS.INFO: < 200 [] []
[2016-02-23 12:48:55] MicroCMS.INFO: Matched route "login_check". {"route_parameters":{"_controller":null,"_route":"login_check"},"request_uri":"http://localhost:82/oc-microcms-iteration-03/web/index.php/login_check"} []
[2016-02-23 12:48:55] MicroCMS.INFO: User has been authenticated successfully. {"username":"abdelhamid"} []
[2016-02-23 12:48:56] MicroCMS.INFO: < 302 http://localhost:82/oc-microcms-iteration-03/web/index.php/ [] []
[2016-02-23 12:48:56] MicroCMS.INFO: Matched route "home". {"route_parameters":{"_controller":"[object] (Closure: {})","_route":"home"},"request_uri":"http://localhost:82/oc-microcms-iteration-03/web/index.php/"} []
[2016-02-23 12:48:56] MicroCMS.INFO: > GET /oc-microcms-iteration-03/web/index.php/ [] []
[2016-02-23 12:48:57] MicroCMS.INFO: < 200 [] []
[2016-02-23 12:51:34] MicroCMS.INFO: Matched route "home". {"route_parameters":{"_controller":"[object] (Closure: {})","_route":"home"},"request_uri":"http://localhost:82/oc-microcms-iteration-03/web/index.php/"} []
[2016-02-23 12:51:34] MicroCMS.INFO: > GET /oc-microcms-iteration-03/web/index.php/ [] []
[2016-02-23 12:51:34] MicroCMS.INFO: < 200 [] []
[2016-02-23 12:51:57] MicroCMS.ERROR: Symfony\Component\HttpKernel\Exception\NotFoundHttpException: No route found for "GET /oc-microcms-iteration-03/web/" (from "http://localhost:82/oc-microcms-iteration-03/") (uncaught exception) at C:\wamp\www\OC-MicroCMS-iteration-03\vendor\symfony\http-kernel\EventListener\RouterListener.php line 176 {"exception":"[object] (Symfony\\Component\\HttpKernel\\Exception\\NotFoundHttpException(code: 0): No route found for \"GET /oc-microcms-iteration-03/web/\" (from \"http://localhost:82/oc-microcms-iteration-03/\") at C:\\wamp\\www\\OC-MicroCMS-iteration-03\\vendor\\symfony\\http-kernel\\EventListener\\RouterListener.php:176, Symfony\\Component\\Routing\\Exception\\ResourceNotFoundException(code: 0): No routes found for \"/oc-microcms-iteration-03/web/\". at C:\\wamp\\www\\OC-MicroCMS-iteration-03\\vendor\\symfony\\routing\\Matcher\\UrlMatcher.php:98)"} []
[2016-02-23 12:51:57] MicroCMS.INFO: < 404 [] []
[2016-02-23 12:52:09] MicroCMS.INFO: Matched route "home". {"route_parameters":{"_controller":"[object] (Closure: {})","_route":"home"},"request_uri":"http://localhost:82/oc-microcms-iteration-03/web/index.php/"} []
[2016-02-23 12:52:09] MicroCMS.INFO: > GET /oc-microcms-iteration-03/web/index.php [] []
[2016-02-23 12:52:09] MicroCMS.INFO: < 200 [] []
[2016-02-23 12:52:15] MicroCMS.INFO: Matched route "logout". {"route_parameters":{"_controller":null,"_route":"logout"},"request_uri":"http://localhost:82/oc-microcms-iteration-03/web/index.php/logout"} []
[2016-02-23 12:52:15] MicroCMS.INFO: < 302 http://localhost:82/oc-microcms-iteration-03/web/index.php/ [] []
[2016-02-23 12:52:15] MicroCMS.INFO: Matched route "home". {"route_parameters":{"_controller":"[object] (Closure: {})","_route":"home"},"request_uri":"http://localhost:82/oc-microcms-iteration-03/web/index.php/"} []
[2016-02-23 12:52:15] MicroCMS.INFO: Populated the TokenStorage with an anonymous Token. [] []
[2016-02-23 12:52:15] MicroCMS.INFO: > GET /oc-microcms-iteration-03/web/index.php/ [] []
[2016-02-23 12:52:16] MicroCMS.INFO: < 200 [] []
[2016-02-23 15:32:17] MicroCMS.INFO: Matched route "home". {"route_parameters":{"_controller":"[object] (Closure: {})","_route":"home"},"request_uri":"http://localhost:82/oc-microcms-iteration-03/web/index.php/"} []
[2016-02-23 15:32:18] MicroCMS.INFO: Populated the TokenStorage with an anonymous Token. [] []
[2016-02-23 15:32:18] MicroCMS.INFO: > GET /oc-microcms-iteration-03/web/index.php/ [] []
[2016-02-23 15:32:28] MicroCMS.INFO: < 200 [] []
[2016-02-23 16:08:18] MicroCMS.INFO: Matched route "login". {"route_parameters":{"_controller":"[object] (Closure: {})","_route":"login"},"request_uri":"http://localhost:82/oc-microcms-iteration-03/web/index.php/login"} []
[2016-02-23 16:08:18] MicroCMS.INFO: Populated the TokenStorage with an anonymous Token. [] []
[2016-02-23 16:08:18] MicroCMS.INFO: > GET /oc-microcms-iteration-03/web/index.php/login [] []
[2016-02-23 16:08:18] MicroCMS.INFO: < 200 [] []
[2016-02-23 16:08:24] MicroCMS.INFO: Matched route "login_check". {"route_parameters":{"_controller":null,"_route":"login_check"},"request_uri":"http://localhost:82/oc-microcms-iteration-03/web/index.php/login_check"} []
[2016-02-23 16:08:25] MicroCMS.INFO: User has been authenticated successfully. {"username":"admin"} []
[2016-02-23 16:08:25] MicroCMS.INFO: < 302 http://localhost:82/oc-microcms-iteration-03/web/index.php/ [] []
[2016-02-23 16:08:25] MicroCMS.INFO: Matched route "home". {"route_parameters":{"_controller":"[object] (Closure: {})","_route":"home"},"request_uri":"http://localhost:82/oc-microcms-iteration-03/web/index.php/"} []
[2016-02-23 16:08:25] MicroCMS.INFO: > GET /oc-microcms-iteration-03/web/index.php/ [] []
[2016-02-23 16:08:26] MicroCMS.INFO: < 200 [] []
[2016-02-23 16:08:29] MicroCMS.INFO: Matched route "admin". {"route_parameters":{"_controller":"[object] (Closure: {})","_route":"admin"},"request_uri":"http://localhost:82/oc-microcms-iteration-03/web/index.php/admin"} []
[2016-02-23 16:08:29] MicroCMS.INFO: > GET /oc-microcms-iteration-03/web/index.php/admin [] []
[2016-02-23 16:08:31] MicroCMS.INFO: < 200 [] []
[2016-02-23 16:10:03] MicroCMS.INFO: Matched route "admin_article_add". {"route_parameters":{"_controller":"[object] (Closure: {})","_route":"admin_article_add"},"request_uri":"http://localhost:82/oc-microcms-iteration-03/web/index.php/admin/article/add"} []
[2016-02-23 16:10:03] MicroCMS.INFO: > GET /oc-microcms-iteration-03/web/index.php/admin/article/add [] []
[2016-02-23 16:10:09] MicroCMS.INFO: < 200 [] []
[2016-02-23 16:12:22] MicroCMS.INFO: Matched route "admin". {"route_parameters":{"_controller":"[object] (Closure: {})","_route":"admin"},"request_uri":"http://localhost:82/oc-microcms-iteration-03/web/index.php/admin"} []
[2016-02-23 16:12:22] MicroCMS.INFO: > GET /oc-microcms-iteration-03/web/index.php/admin [] []
[2016-02-23 16:12:23] MicroCMS.INFO: < 200 [] []
[2016-02-24 10:56:57] MicroCMS.INFO: Matched route "home". {"route_parameters":{"_controller":"[object] (Closure: {})","_route":"home"},"request_uri":"http://localhost:8080/"} []
[2016-02-24 10:57:00] MicroCMS.INFO: > GET / [] []
[2016-02-24 10:57:03] MicroCMS.INFO: < 200 [] []
[2016-02-24 10:57:04] MicroCMS.INFO: Matched route "home". {"route_parameters":{"_controller":"[object] (Closure: {})","_route":"home"},"request_uri":"http://localhost:8080/lib/bootstrap/css/bootstrap.min.css/"} []
[2016-02-24 10:57:04] MicroCMS.INFO: > GET /lib/bootstrap/css/bootstrap.min.css [] []
[2016-02-24 10:57:05] MicroCMS.INFO: < 200 [] []
[2016-02-24 10:57:05] MicroCMS.INFO: Matched route "home". {"route_parameters":{"_controller":"[object] (Closure: {})","_route":"home"},"request_uri":"http://localhost:8080/css/microcms.css/"} []
[2016-02-24 10:57:05] MicroCMS.INFO: > GET /css/microcms.css [] []
[2016-02-24 10:57:06] MicroCMS.INFO: < 200 [] []
[2016-02-24 10:57:06] MicroCMS.INFO: Matched route "home". {"route_parameters":{"_controller":"[object] (Closure: {})","_route":"home"},"request_uri":"http://localhost:8080/lib/jquery/jquery.min.js/"} []
[2016-02-24 10:57:06] MicroCMS.INFO: > GET /lib/jquery/jquery.min.js [] []
[2016-02-24 10:57:06] MicroCMS.INFO: < 200 [] []
[2016-02-24 10:57:07] MicroCMS.INFO: Matched route "home". {"route_parameters":{"_controller":"[object] (Closure: {})","_route":"home"},"request_uri":"http://localhost:8080/lib/bootstrap/js/bootstrap.min.js/"} []
[2016-02-24 10:57:07] MicroCMS.INFO: > GET /lib/bootstrap/js/bootstrap.min.js [] []
[2016-02-24 10:57:07] MicroCMS.INFO: < 200 [] []
[2016-02-24 10:57:36] MicroCMS.INFO: Matched route "admin". {"route_parameters":{"_controller":"[object] (Closure: {})","_route":"admin"},"request_uri":"http://localhost:82/oc-microcms-iteration-03/web/index.php/admin"} []
[2016-02-24 10:57:36] MicroCMS.INFO: > GET /oc-microcms-iteration-03/web/index.php/admin [] []
[2016-02-24 10:57:38] MicroCMS.INFO: < 200 [] []
[2016-02-24 10:57:38] MicroCMS.INFO: Matched route "logout". {"route_parameters":{"_controller":null,"_route":"logout"},"request_uri":"http://localhost:82/oc-microcms-iteration-03/web/index.php/logout"} []
[2016-02-24 10:57:39] MicroCMS.INFO: < 302 http://localhost:82/oc-microcms-iteration-03/web/index.php/ [] []
[2016-02-24 10:57:39] MicroCMS.INFO: Matched route "home". {"route_parameters":{"_controller":"[object] (Closure: {})","_route":"home"},"request_uri":"http://localhost:82/oc-microcms-iteration-03/web/index.php/"} []
[2016-02-24 10:57:39] MicroCMS.INFO: Populated the TokenStorage with an anonymous Token. [] []
[2016-02-24 10:57:39] MicroCMS.INFO: > GET /oc-microcms-iteration-03/web/index.php/ [] []
[2016-02-24 10:57:40] MicroCMS.INFO: < 200 [] []
[2016-02-24 10:57:53] MicroCMS.INFO: Matched route "login". {"route_parameters":{"_controller":"[object] (Closure: {})","_route":"login"},"request_uri":"http://localhost:82/oc-microcms-iteration-03/web/index.php/login"} []
[2016-02-24 10:57:53] MicroCMS.INFO: Populated the TokenStorage with an anonymous Token. [] []
[2016-02-24 10:57:53] MicroCMS.INFO: > GET /oc-microcms-iteration-03/web/index.php/login [] []
[2016-02-24 10:57:53] MicroCMS.INFO: < 200 [] []
[2016-02-24 11:23:39] MicroCMS.INFO: Matched route "login_check". {"route_parameters":{"_controller":null,"_route":"login_check"},"request_uri":"http://localhost:82/oc-microcms-iteration-03/web/index.php/login_check"} []
[2016-02-24 11:23:39] MicroCMS.INFO: User has been authenticated successfully. {"username":"JaneDoe"} []
[2016-02-24 11:23:39] MicroCMS.INFO: < 302 http://localhost:82/oc-microcms-iteration-03/web/index.php/ [] []
[2016-02-24 11:23:39] MicroCMS.INFO: Matched route "home". {"route_parameters":{"_controller":"[object] (Closure: {})","_route":"home"},"request_uri":"http://localhost:82/oc-microcms-iteration-03/web/index.php/"} []
[2016-02-24 11:23:39] MicroCMS.INFO: > GET /oc-microcms-iteration-03/web/index.php/ [] []
[2016-02-24 11:23:40] MicroCMS.INFO: < 200 [] []
[2016-02-24 11:33:04] MicroCMS.INFO: Matched route "article". {"route_parameters":{"_controller":"[object] (Closure: {})","id":"1","_route":"article"},"request_uri":"http://localhost:82/oc-microcms-iteration-03/web/index.php/article/1"} []
[2016-02-24 11:33:04] MicroCMS.INFO: > GET /oc-microcms-iteration-03/web/index.php/article/1 [] []
[2016-02-24 11:33:11] MicroCMS.INFO: < 200 [] []
[2016-02-24 11:33:18] MicroCMS.INFO: Matched route "home". {"route_parameters":{"_controller":"[object] (Closure: {})","_route":"home"},"request_uri":"http://localhost:82/oc-microcms-iteration-03/web/index.php/"} []
[2016-02-24 11:33:18] MicroCMS.INFO: > GET /oc-microcms-iteration-03/web/index.php/ [] []
[2016-02-24 11:33:19] MicroCMS.INFO: < 200 [] []
[2016-02-24 12:44:44] MicroCMS.INFO: Matched route "home". {"route_parameters":{"_controller":"[object] (Closure: {})","_route":"home"},"request_uri":"http://localhost:82/oc-microcms-iteration-03/web/index.php/"} []
[2016-02-24 12:44:45] MicroCMS.INFO: > GET /oc-microcms-iteration-03/web/index.php/ [] []
[2016-02-24 12:44:46] MicroCMS.INFO: < 200 [] []
[2016-02-24 12:44:50] MicroCMS.INFO: Matched route "article". {"route_parameters":{"_controller":"[object] (Closure: {})","id":"4","_route":"article"},"request_uri":"http://localhost:82/oc-microcms-iteration-03/web/index.php/article/4"} []
[2016-02-24 12:44:50] MicroCMS.INFO: > GET /oc-microcms-iteration-03/web/index.php/article/4 [] []
[2016-02-24 12:44:53] MicroCMS.INFO: < 200 [] []
[2016-02-24 12:45:09] MicroCMS.INFO: Matched route "home". {"route_parameters":{"_controller":"[object] (Closure: {})","_route":"home"},"request_uri":"http://localhost:82/oc-microcms-iteration-03/web/index.php/"} []
[2016-02-24 12:45:09] MicroCMS.INFO: > GET /oc-microcms-iteration-03/web/index.php/ [] []
[2016-02-24 12:45:10] MicroCMS.INFO: < 200 [] []
[2016-02-24 12:52:34] MicroCMS.INFO: Matched route "home". {"route_parameters":{"_controller":"[object] (Closure: {})","_route":"home"},"request_uri":"http://localhost:82/oc-microcms-iteration-03/web/index.php/"} []
[2016-02-24 12:52:34] MicroCMS.INFO: > GET /oc-microcms-iteration-03/web/index.php/ [] []
[2016-02-24 13:15:38] MicroCMS.INFO: Matched route "home". {"route_parameters":{"_controller":"[object] (Closure: {})","_route":"home"},"request_uri":"http://localhost:82/oc-microcms-iteration-03/web/index.php/"} []
[2016-02-24 13:15:38] MicroCMS.INFO: > GET /oc-microcms-iteration-03/web/index.php/ [] []
[2016-02-24 13:15:46] MicroCMS.INFO: Matched route "login". {"route_parameters":{"_controller":"[object] (Closure: {})","_route":"login"},"request_uri":"http://localhost:82/oc-microcms-iteration-03/web/index.php/login"} []
[2016-02-24 13:15:46] MicroCMS.INFO: > GET /oc-microcms-iteration-03/web/index.php/login [] []
[2016-02-24 13:15:47] MicroCMS.INFO: < 200 [] []
[2016-02-24 13:15:51] MicroCMS.INFO: Matched route "login_check". {"route_parameters":{"_controller":null,"_route":"login_check"},"request_uri":"http://localhost:82/oc-microcms-iteration-03/web/index.php/login_check"} []
[2016-02-24 13:15:52] MicroCMS.INFO: User has been authenticated successfully. {"username":"JaneDoe"} []
[2016-02-24 13:15:52] MicroCMS.INFO: < 302 http://localhost:82/oc-microcms-iteration-03/web/index.php/ [] []
[2016-02-24 13:15:52] MicroCMS.INFO: Matched route "home". {"route_parameters":{"_controller":"[object] (Closure: {})","_route":"home"},"request_uri":"http://localhost:82/oc-microcms-iteration-03/web/index.php/"} []
[2016-02-24 13:15:52] MicroCMS.INFO: > GET /oc-microcms-iteration-03/web/index.php/ [] []
[2016-02-24 13:16:49] MicroCMS.INFO: Matched route "home". {"route_parameters":{"_controller":"[object] (Closure: {})","_route":"home"},"request_uri":"http://localhost:82/oc-microcms-iteration-03/web/index.php/"} []
[2016-02-24 13:16:49] MicroCMS.INFO: > GET /oc-microcms-iteration-03/web/index.php/ [] []
[2016-02-24 13:16:49] MicroCMS.INFO: < 200 [] []
